2013/02/13 02:36:42 [error] [exception.CException] exception 'CException' with message 'CAssetManager.basePath "/var/www/petru/v8/assets" is invalid. Please make sure the directory exists and is writable by the Web server process.' in /var/www/petru/v8/framework/web/CAssetManager.php:128
Stack trace:
#0 /var/www/petru/v8/framework/web/CAssetManager.php(113): CAssetManager->setBasePath('/var/www/petru/...')
#1 /var/www/petru/v8/framework/web/CAssetManager.php(234): CAssetManager->getBasePath()
#2 /var/www/petru/v8/framework/web/CClientScript.php(463): CAssetManager->publish('/var/www/petru/...')
#3 /var/www/petru/v8/framework/web/CClientScript.php(500): CClientScript->getCoreScriptUrl()
#4 /var/www/petru/v8/framework/web/CClientScript.php(316): CClientScript->getPackageBaseUrl('jquery')
#5 /var/www/petru/v8/framework/web/CClientScript.php(209): CClientScript->renderCoreScripts()
#6 /var/www/petru/v8/framework/web/CController.php(352): CClientScript->render('<!DOCTYPE html>...')
#7 /var/www/petru/v8/framework/web/CController.php(789): CController->processOutput('<!DOCTYPE html>...')
#8 /var/www/petru/v8/protected/controllers/SiteController.php(64): CController->render('login', Array)
#9 /var/www/petru/v8/framework/web/actions/CInlineAction.php(50): SiteController->actionLogin()
#10 /var/www/petru/v8/framework/web/CController.php(309): CInlineAction->runWithParams(Array)
#11 /var/www/petru/v8/framework/web/CController.php(287): CController->runAction(Object(CInlineAction))
#12 /var/www/petru/v8/framework/web/CController.php(266): CController->runActionWithFilters(Object(CInlineAction), Array)
#13 /var/www/petru/v8/framework/web/CWebApplication.php(283): CController->run('login')
#14 /var/www/petru/v8/framework/web/CWebApplication.php(142): CWebApplication->runController('site/login')
#15 /var/www/petru/v8/framework/base/CApplication.php(162): CWebApplication->processRequest()
#16 /var/www/petru/v8/index.php(24): CApplication->run()
#17 {main}
REQUEST_URI=/petru/v8/index.php/site/login
---
2013/02/13 02:36:48 [error] [exception.CException] exception 'CException' with message 'CAssetManager.basePath "/var/www/petru/v8/assets" is invalid. Please make sure the directory exists and is writable by the Web server process.' in /var/www/petru/v8/framework/web/CAssetManager.php:128
Stack trace:
#0 /var/www/petru/v8/framework/web/CAssetManager.php(113): CAssetManager->setBasePath('/var/www/petru/...')
#1 /var/www/petru/v8/framework/web/CAssetManager.php(234): CAssetManager->getBasePath()
#2 /var/www/petru/v8/framework/web/CClientScript.php(463): CAssetManager->publish('/var/www/petru/...')
#3 /var/www/petru/v8/framework/web/CClientScript.php(500): CClientScript->getCoreScriptUrl()
#4 /var/www/petru/v8/framework/web/CClientScript.php(316): CClientScript->getPackageBaseUrl('jquery')
#5 /var/www/petru/v8/framework/web/CClientScript.php(209): CClientScript->renderCoreScripts()
#6 /var/www/petru/v8/framework/web/CController.php(352): CClientScript->render('<!DOCTYPE html>...')
#7 /var/www/petru/v8/framework/web/CController.php(789): CController->processOutput('<!DOCTYPE html>...')
#8 /var/www/petru/v8/protected/controllers/SiteController.php(64): CController->render('login', Array)
#9 /var/www/petru/v8/framework/web/actions/CInlineAction.php(50): SiteController->actionLogin()
#10 /var/www/petru/v8/framework/web/CController.php(309): CInlineAction->runWithParams(Array)
#11 /var/www/petru/v8/framework/web/CController.php(287): CController->runAction(Object(CInlineAction))
#12 /var/www/petru/v8/framework/web/CController.php(266): CController->runActionWithFilters(Object(CInlineAction), Array)
#13 /var/www/petru/v8/framework/web/CWebApplication.php(283): CController->run('login')
#14 /var/www/petru/v8/framework/web/CWebApplication.php(142): CWebApplication->runController('site/login')
#15 /var/www/petru/v8/framework/base/CApplication.php(162): CWebApplication->processRequest()
#16 /var/www/petru/v8/index.php(24): CApplication->run()
#17 {main}
REQUEST_URI=/petru/v8/index.php/site/login
---
2013/02/13 02:37:04 [error] [exception.CDbException] exception 'CDbException' with message 'CDbConnection failed to open the DB connection: SQLSTATE[28000] [1045] Access denied for user 'root'@'localhost' (using password: YES)' in /var/www/petru/v8/framework/db/CDbConnection.php:382
Stack trace:
#0 /var/www/petru/v8/framework/db/CDbConnection.php(331): CDbConnection->open()
#1 /var/www/petru/v8/framework/db/CDbConnection.php(309): CDbConnection->setActive(true)
#2 /var/www/petru/v8/framework/base/CModule.php(388): CDbConnection->init()
#3 /var/www/petru/v8/framework/base/CApplication.php(431): CModule->getComponent('db')
#4 /var/www/petru/v8/framework/db/ar/CActiveRecord.php(619): CApplication->getDb()
#5 /var/www/petru/v8/framework/db/ar/CActiveRecord.php(2262): CActiveRecord->getDbConnection()
#6 /var/www/petru/v8/framework/db/ar/CActiveRecord.php(383): CActiveRecordMetaData->__construct(Object(User))
#7 /var/www/petru/v8/protected/models/User.php(27): CActiveRecord::model('User')
#8 /var/www/petru/v8/protected/components/UserIdentity.php(18): User::model()
#9 /var/www/petru/v8/protected/models/LoginForm.php(52): UserIdentity->authenticate()
#10 /var/www/petru/v8/framework/validators/CInlineValidator.php(43): LoginForm->authenticate('password', Array)
#11 /var/www/petru/v8/framework/validators/CValidator.php(214): CInlineValidator->validateAttribute(Object(LoginForm), 'password')
#12 /var/www/petru/v8/framework/base/CModel.php(158): CValidator->validate(Object(LoginForm), NULL)
#13 /var/www/petru/v8/protected/controllers/SiteController.php(57): CModel->validate()
#14 /var/www/petru/v8/framework/web/actions/CInlineAction.php(50): SiteController->actionLogin()
#15 /var/www/petru/v8/framework/web/CController.php(309): CInlineAction->runWithParams(Array)
#16 /var/www/petru/v8/framework/web/CController.php(287): CController->runAction(Object(CInlineAction))
#17 /var/www/petru/v8/framework/web/CController.php(266): CController->runActionWithFilters(Object(CInlineAction), Array)
#18 /var/www/petru/v8/framework/web/CWebApplication.php(283): CController->run('login')
#19 /var/www/petru/v8/framework/web/CWebApplication.php(142): CWebApplication->runController('site/login')
#20 /var/www/petru/v8/framework/base/CApplication.php(162): CWebApplication->processRequest()
#21 /var/www/petru/v8/index.php(24): CApplication->run()
#22 {main}
REQUEST_URI=/petru/v8/index.php/site/login
HTTP_REFERER=http://212.56.197.4/petru/v8/index.php/site/login
---
2013/02/13 02:41:12 [error] [php] readfile(/var/www/petru/v8/protected/data/files/51181503dcdf8.png): failed to open stream: No such file or directory (/var/www/petru/v8/protected/controllers/LetterController.php:84)
Stack trace:
#0 /var/www/petru/v8/framework/web/actions/CAction.php(107): ReflectionMethod->invokeArgs()
#1 /var/www/petru/v8/framework/web/actions/CInlineAction.php(48): CInlineAction->runWithParamsInternal()
#2 /var/www/petru/v8/framework/web/CController.php(309): CInlineAction->runWithParams()
#3 /var/www/petru/v8/framework/web/CController.php(287): LetterController->runAction()
#4 /var/www/petru/v8/framework/web/CController.php(266): LetterController->runActionWithFilters()
#5 /var/www/petru/v8/framework/web/CWebApplication.php(283): LetterController->run()
#6 /var/www/petru/v8/framework/web/CWebApplication.php(142): CWebApplication->runController()
#7 /var/www/petru/v8/framework/base/CApplication.php(162): CWebApplication->processRequest()
#8 /var/www/petru/v8/index.php(24): CWebApplication->run()
REQUEST_URI=/petru/v8/index.php/letter/preview/14
in /var/www/petru/v8/protected/controllers/LetterController.php (84)
in /var/www/petru/v8/index.php (24)
2013/02/13 02:43:47 [warning] [application] Failed to set unsafe attribute "categoryId" of "Document".
in /var/www/petru/v8/protected/controllers/DocumentController.php (18)
in /var/www/petru/v8/index.php (24)
2013/02/13 02:43:47 [error] [php] move_uploaded_file(/var/www/petru/v8/protected/data/files/511ae1c357b6f.png): failed to open stream: Permission denied (/var/www/petru/v8/framework/web/CUploadedFile.php:197)
Stack trace:
#0 /var/www/petru/v8/framework/db/ar/CActiveRecord.php(1006): Document->beforeSave()
#1 /var/www/petru/v8/framework/db/ar/CActiveRecord.php(791): Document->insert()
#2 /var/www/petru/v8/protected/controllers/DocumentController.php(20): Document->save()
#3 /var/www/petru/v8/framework/web/actions/CInlineAction.php(50): DocumentController->actionCreate()
#4 /var/www/petru/v8/framework/web/CController.php(309): CInlineAction->runWithParams()
#5 /var/www/petru/v8/framework/web/CController.php(287): DocumentController->runAction()
#6 /var/www/petru/v8/framework/web/CController.php(266): DocumentController->runActionWithFilters()
#7 /var/www/petru/v8/framework/web/CWebApplication.php(283): DocumentController->run()
#8 /var/www/petru/v8/framework/web/CWebApplication.php(142): CWebApplication->runController()
#9 /var/www/petru/v8/framework/base/CApplication.php(162): CWebApplication->processRequest()
#10 /var/www/petru/v8/index.php(24): CWebApplication->run()
REQUEST_URI=/petru/v8/index.php/document/create
in /var/www/petru/v8/protected/models/Document.php (136)
in /var/www/petru/v8/protected/controllers/DocumentController.php (20)
in /var/www/petru/v8/index.php (24)
2013/02/13 02:44:17 [warning] [application] Failed to set unsafe attribute "categoryId" of "Document".
in /var/www/petru/v8/protected/controllers/DocumentController.php (18)
in /var/www/petru/v8/index.php (24)
2013/02/13 17:04:01 [warning] [application] Failed to set unsafe attribute "categoryId" of "Document".
in /var/www/petru/v8/protected/controllers/DocumentController.php (18)
in /var/www/petru/v8/index.php (24)
2013/02/15 12:09:30 [warning] [application] Failed to set unsafe attribute "id" of "Document".
in /var/www/petru/v8/protected/controllers/DocumentController.php (95)
in /var/www/petru/v8/index.php (24)
2013/02/15 12:09:30 [warning] [application] Failed to set unsafe attribute "file" of "Document".
in /var/www/petru/v8/protected/controllers/DocumentController.php (95)
in /var/www/petru/v8/index.php (24)
2013/02/15 12:12:21 [warning] [application] Failed to set unsafe attribute "id" of "Document".
in /var/www/petru/v8/protected/controllers/DocumentController.php (95)
in /var/www/petru/v8/index.php (24)
2013/02/15 12:12:21 [warning] [application] Failed to set unsafe attribute "file" of "Document".
in /var/www/petru/v8/protected/controllers/DocumentController.php (95)
in /var/www/petru/v8/index.php (24)
2013/03/04 13:06:14 [error] [exception.CDbException] exception 'CDbException' with message 'CDbConnection failed to open the DB connection: SQLSTATE[28000] [1045] Access denied for user 'root'@'192.168.11.224' (using password: YES)' in C:\xampp\htdocs\framework\db\CDbConnection.php:382
Stack trace:
#0 C:\xampp\htdocs\framework\db\CDbConnection.php(331): CDbConnection->open()
#1 C:\xampp\htdocs\framework\db\CDbConnection.php(309): CDbConnection->setActive(true)
#2 C:\xampp\htdocs\framework\base\CModule.php(388): CDbConnection->init()
#3 C:\xampp\htdocs\framework\base\CApplication.php(431): CModule->getComponent('db')
#4 C:\xampp\htdocs\framework\db\ar\CActiveRecord.php(615): CApplication->getDb()
#5 C:\xampp\htdocs\framework\db\ar\CActiveRecord.php(2263): CActiveRecord->getDbConnection()
#6 C:\xampp\htdocs\framework\db\ar\CActiveRecord.php(379): CActiveRecordMetaData->__construct(Object(User))
#7 C:\xampp\htdocs\apostila\protected\models\User.php(27): CActiveRecord::model('User')
#8 C:\xampp\htdocs\apostila\protected\components\UserIdentity.php(18): User::model()
#9 C:\xampp\htdocs\apostila\protected\models\LoginForm.php(52): UserIdentity->authenticate()
#10 C:\xampp\htdocs\framework\validators\CInlineValidator.php(43): LoginForm->authenticate('password', Array)
#11 C:\xampp\htdocs\framework\validators\CValidator.php(197): CInlineValidator->validateAttribute(Object(LoginForm), 'password')
#12 C:\xampp\htdocs\framework\base\CModel.php(158): CValidator->validate(Object(LoginForm), NULL)
#13 C:\xampp\htdocs\apostila\protected\controllers\SiteController.php(57): CModel->validate()
#14 C:\xampp\htdocs\framework\web\actions\CInlineAction.php(50): SiteController->actionLogin()
#15 C:\xampp\htdocs\framework\web\CController.php(309): CInlineAction->runWithParams(Array)
#16 C:\xampp\htdocs\framework\web\CController.php(287): CController->runAction(Object(CInlineAction))
#17 C:\xampp\htdocs\framework\web\CController.php(266): CController->runActionWithFilters(Object(CInlineAction), Array)
#18 C:\xampp\htdocs\framework\web\CWebApplication.php(276): CController->run('login')
#19 C:\xampp\htdocs\framework\web\CWebApplication.php(135): CWebApplication->runController('site/login')
#20 C:\xampp\htdocs\framework\base\CApplication.php(162): CWebApplication->processRequest()
#21 C:\xampp\htdocs\apostila\index.php(24): CApplication->run()
#22 {main}
REQUEST_URI=/apostila/index.php/site/login
HTTP_REFERER=http://localhost/apostila/index.php/site/login
---
2013/03/04 13:14:06 [error] [php] Argument 1 passed to Document::searchInFolder() must be an instance of Folder, null given, called in C:\xampp\htdocs\apostila\protected\controllers\FolderController.php on line 18 and defined (C:\xampp\htdocs\apostila\protected\models\Document.php:161)
Stack trace:
#0 C:\xampp\htdocs\framework\web\CController.php(309): CInlineAction->runWithParams()
#1 C:\xampp\htdocs\framework\web\CController.php(287): FolderController->runAction()
#2 C:\xampp\htdocs\framework\web\CController.php(266): FolderController->runActionWithFilters()
#3 C:\xampp\htdocs\framework\web\CWebApplication.php(276): FolderController->run()
#4 C:\xampp\htdocs\framework\web\CWebApplication.php(135): CWebApplication->runController()
#5 C:\xampp\htdocs\framework\base\CApplication.php(162): CWebApplication->processRequest()
#6 C:\xampp\htdocs\apostila\index.php(24): CWebApplication->run()
REQUEST_URI=/apostila/index.php/folder/4
in C:\xampp\htdocs\apostila\protected\models\Document.php (161)
in C:\xampp\htdocs\apostila\protected\controllers\FolderController.php (18)
in C:\xampp\htdocs\apostila\index.php (24)
2013/03/04 13:14:50 [error] [php] Argument 1 passed to Document::searchInFolder() must be an instance of Folder, null given, called in C:\xampp\htdocs\apostila\protected\controllers\FolderController.php on line 18 and defined (C:\xampp\htdocs\apostila\protected\models\Document.php:161)
Stack trace:
#0 C:\xampp\htdocs\framework\web\CController.php(309): CInlineAction->runWithParams()
#1 C:\xampp\htdocs\framework\web\CController.php(287): FolderController->runAction()
#2 C:\xampp\htdocs\framework\web\CController.php(266): FolderController->runActionWithFilters()
#3 C:\xampp\htdocs\framework\web\CWebApplication.php(276): FolderController->run()
#4 C:\xampp\htdocs\framework\web\CWebApplication.php(135): CWebApplication->runController()
#5 C:\xampp\htdocs\framework\base\CApplication.php(162): CWebApplication->processRequest()
#6 C:\xampp\htdocs\apostila\index.php(24): CWebApplication->run()
REQUEST_URI=/apostila/index.php/folder/4
in C:\xampp\htdocs\apostila\protected\models\Document.php (161)
in C:\xampp\htdocs\apostila\protected\controllers\FolderController.php (18)
in C:\xampp\htdocs\apostila\index.php (24)
2013/03/04 13:20:50 [error] [php] Argument 1 passed to Document::searchInFolder() must be an instance of Folder, null given, called in C:\xampp\htdocs\apostila\protected\controllers\FolderController.php on line 18 and defined (C:\xampp\htdocs\apostila\protected\models\Document.php:161)
Stack trace:
#0 C:\xampp\htdocs\framework\web\CController.php(309): CInlineAction->runWithParams()
#1 C:\xampp\htdocs\framework\web\CController.php(287): FolderController->runAction()
#2 C:\xampp\htdocs\framework\web\CController.php(266): FolderController->runActionWithFilters()
#3 C:\xampp\htdocs\framework\web\CWebApplication.php(276): FolderController->run()
#4 C:\xampp\htdocs\framework\web\CWebApplication.php(135): CWebApplication->runController()
#5 C:\xampp\htdocs\framework\base\CApplication.php(162): CWebApplication->processRequest()
#6 C:\xampp\htdocs\apostila\index.php(24): CWebApplication->run()
REQUEST_URI=/apostila/index.php/folder/4
in C:\xampp\htdocs\apostila\protected\models\Document.php (161)
in C:\xampp\htdocs\apostila\protected\controllers\FolderController.php (18)
in C:\xampp\htdocs\apostila\index.php (24)
2013/03/04 13:21:00 [error] [php] Argument 1 passed to Document::searchInFolder() must be an instance of Folder, null given, called in C:\xampp\htdocs\apostila\protected\controllers\FolderController.php on line 18 and defined (C:\xampp\htdocs\apostila\protected\models\Document.php:161)
Stack trace:
#0 C:\xampp\htdocs\framework\web\CController.php(309): CInlineAction->runWithParams()
#1 C:\xampp\htdocs\framework\web\CController.php(287): FolderController->runAction()
#2 C:\xampp\htdocs\framework\web\CController.php(266): FolderController->runActionWithFilters()
#3 C:\xampp\htdocs\framework\web\CWebApplication.php(276): FolderController->run()
#4 C:\xampp\htdocs\framework\web\CWebApplication.php(135): CWebApplication->runController()
#5 C:\xampp\htdocs\framework\base\CApplication.php(162): CWebApplication->processRequest()
#6 C:\xampp\htdocs\apostila\index.php(24): CWebApplication->run()
REQUEST_URI=/apostila/index.php/folder/1
in C:\xampp\htdocs\apostila\protected\models\Document.php (161)
in C:\xampp\htdocs\apostila\protected\controllers\FolderController.php (18)
in C:\xampp\htdocs\apostila\index.php (24)
2013/03/04 14:10:39 [error] [php] Argument 1 passed to Document::searchInFolder() must be an instance of Folder, null given, called in C:\xampp\htdocs\apostila\protected\controllers\FolderController.php on line 18 and defined (C:\xampp\htdocs\apostila\protected\models\Document.php:161)
Stack trace:
#0 C:\xampp\htdocs\framework\web\CController.php(309): CInlineAction->runWithParams()
#1 C:\xampp\htdocs\framework\web\CController.php(287): FolderController->runAction()
#2 C:\xampp\htdocs\framework\web\CController.php(266): FolderController->runActionWithFilters()
#3 C:\xampp\htdocs\framework\web\CWebApplication.php(276): FolderController->run()
#4 C:\xampp\htdocs\framework\web\CWebApplication.php(135): CWebApplication->runController()
#5 C:\xampp\htdocs\framework\base\CApplication.php(162): CWebApplication->processRequest()
#6 C:\xampp\htdocs\apostila\index.php(24): CWebApplication->run()
REQUEST_URI=/apostila/index.php/folder/1
in C:\xampp\htdocs\apostila\protected\models\Document.php (161)
in C:\xampp\htdocs\apostila\protected\controllers\FolderController.php (18)
in C:\xampp\htdocs\apostila\index.php (24)
2013/03/04 14:13:07 [error] [exception.CException] exception 'CException' with message 'Property "Folder.content_type_id" is not defined.' in C:\xampp\htdocs\framework\base\CComponent.php:131
Stack trace:
#0 C:\xampp\htdocs\framework\db\ar\CActiveRecord.php(144): CComponent->__get('contenttype_id')
#1 C:\xampp\htdocs\apostila\protected\models\Document.php(168): CActiveRecord->__get('contenttype_id')
#2 C:\xampp\htdocs\apostila\protected\controllers\FolderController.php(18): Document->searchInFolder(Object(Folder))
#3 C:\xampp\htdocs\framework\web\actions\CInlineAction.php(50): FolderController->actionView()
#4 C:\xampp\htdocs\framework\web\CController.php(309): CInlineAction->runWithParams(Array)
#5 C:\xampp\htdocs\framework\web\CController.php(287): CController->runAction(Object(CInlineAction))
#6 C:\xampp\htdocs\framework\web\CController.php(266): CController->runActionWithFilters(Object(CInlineAction), Array)
#7 C:\xampp\htdocs\framework\web\CWebApplication.php(276): CController->run('view')
#8 C:\xampp\htdocs\framework\web\CWebApplication.php(135): CWebApplication->runController('folder/view')
#9 C:\xampp\htdocs\framework\base\CApplication.php(162): CWebApplication->processRequest()
#10 C:\xampp\htdocs\apostila\index.php(24): CApplication->run()
#11 {main}
REQUEST_URI=/apostila/index.php/folder/1
---
2013/03/04 14:15:36 [error] [exception.CException] exception 'CException' with message 'Property "Folder.content_type_id" is not defined.' in C:\xampp\htdocs\framework\base\CComponent.php:131
Stack trace:
#0 C:\xampp\htdocs\framework\db\ar\CActiveRecord.php(144): CComponent->__get('contenttype_id')
#1 C:\xampp\htdocs\apostila\protected\models\Document.php(168): CActiveRecord->__get('contenttype_id')
#2 C:\xampp\htdocs\apostila\protected\controllers\FolderController.php(18): Document->searchInFolder(Object(Folder))
#3 C:\xampp\htdocs\framework\web\actions\CInlineAction.php(50): FolderController->actionView()
#4 C:\xampp\htdocs\framework\web\CController.php(309): CInlineAction->runWithParams(Array)
#5 C:\xampp\htdocs\framework\web\CController.php(287): CController->runAction(Object(CInlineAction))
#6 C:\xampp\htdocs\framework\web\CController.php(266): CController->runActionWithFilters(Object(CInlineAction), Array)
#7 C:\xampp\htdocs\framework\web\CWebApplication.php(276): CController->run('view')
#8 C:\xampp\htdocs\framework\web\CWebApplication.php(135): CWebApplication->runController('folder/view')
#9 C:\xampp\htdocs\framework\base\CApplication.php(162): CWebApplication->processRequest()
#10 C:\xampp\htdocs\apostila\index.php(24): CApplication->run()
#11 {main}
REQUEST_URI=/apostila/index.php/folder/1
---
2013/03/04 14:19:29 [error] [php] Argument 1 passed to Document::searchInFolder() must be an instance of Folder, null given, called in C:\xampp\htdocs\apostila\protected\controllers\FolderController.php on line 18 and defined (C:\xampp\htdocs\apostila\protected\models\Document.php:161)
Stack trace:
#0 C:\xampp\htdocs\framework\web\CController.php(309): CInlineAction->runWithParams()
#1 C:\xampp\htdocs\framework\web\CController.php(287): FolderController->runAction()
#2 C:\xampp\htdocs\framework\web\CController.php(266): FolderController->runActionWithFilters()
#3 C:\xampp\htdocs\framework\web\CWebApplication.php(276): FolderController->run()
#4 C:\xampp\htdocs\framework\web\CWebApplication.php(135): CWebApplication->runController()
#5 C:\xampp\htdocs\framework\base\CApplication.php(162): CWebApplication->processRequest()
#6 C:\xampp\htdocs\apostila\index.php(24): CWebApplication->run()
REQUEST_URI=/apostila/index.php/folder/4
in C:\xampp\htdocs\apostila\protected\models\Document.php (161)
in C:\xampp\htdocs\apostila\protected\controllers\FolderController.php (18)
in C:\xampp\htdocs\apostila\index.php (24)
2013/03/04 14:33:59 [error] [system.db.CDbCommand] CDbCommand::fetchAll() failed: SQLSTATE[42S02]: Base table or view not found: 1146 Table 'apostila.folders_contents_types' doesn't exist. The SQL statement executed was: SHOW COLUMNS FROM `folders_contents_types`.
in C:\xampp\htdocs\apostila\index.php (24)
2013/03/04 14:39:51 [error] [php] Argument 1 passed to Document::searchInFolder() must be an instance of Folder, null given, called in C:\xampp\htdocs\apostila\protected\controllers\FolderController.php on line 18 and defined (C:\xampp\htdocs\apostila\protected\models\Document.php:155)
Stack trace:
#0 C:\xampp\htdocs\framework\web\CController.php(309): CInlineAction->runWithParams()
#1 C:\xampp\htdocs\framework\web\CController.php(287): FolderController->runAction()
#2 C:\xampp\htdocs\framework\web\CController.php(266): FolderController->runActionWithFilters()
#3 C:\xampp\htdocs\framework\web\CWebApplication.php(276): FolderController->run()
#4 C:\xampp\htdocs\framework\web\CWebApplication.php(135): CWebApplication->runController()
#5 C:\xampp\htdocs\framework\base\CApplication.php(162): CWebApplication->processRequest()
#6 C:\xampp\htdocs\apostila\index.php(24): CWebApplication->run()
REQUEST_URI=/apostila/index.php/folder/4
in C:\xampp\htdocs\apostila\protected\models\Document.php (155)
in C:\xampp\htdocs\apostila\protected\controllers\FolderController.php (18)
in C:\xampp\htdocs\apostila\index.php (24)
2013/03/04 14:40:00 [error] [exception.CException] exception 'CException' with message 'Property "Folder.content_type_id" is not defined.' in C:\xampp\htdocs\framework\base\CComponent.php:131
Stack trace:
#0 C:\xampp\htdocs\framework\db\ar\CActiveRecord.php(144): CComponent->__get('contenttype_id')
#1 C:\xampp\htdocs\apostila\protected\models\Document.php(162): CActiveRecord->__get('contenttype_id')
#2 C:\xampp\htdocs\apostila\protected\controllers\FolderController.php(18): Document->searchInFolder(Object(Folder))
#3 C:\xampp\htdocs\framework\web\actions\CInlineAction.php(50): FolderController->actionView()
#4 C:\xampp\htdocs\framework\web\CController.php(309): CInlineAction->runWithParams(Array)
#5 C:\xampp\htdocs\framework\web\CController.php(287): CController->runAction(Object(CInlineAction))
#6 C:\xampp\htdocs\framework\web\CController.php(266): CController->runActionWithFilters(Object(CInlineAction), Array)
#7 C:\xampp\htdocs\framework\web\CWebApplication.php(276): CController->run('view')
#8 C:\xampp\htdocs\framework\web\CWebApplication.php(135): CWebApplication->runController('folder/view')
#9 C:\xampp\htdocs\framework\base\CApplication.php(162): CWebApplication->processRequest()
#10 C:\xampp\htdocs\apostila\index.php(24): CApplication->run()
#11 {main}
REQUEST_URI=/apostila/index.php/folder/1
---
2013/03/04 14:43:32 [error] [exception.CException] exception 'CException' with message 'Property "Folder.content_type_id" is not defined.' in C:\xampp\htdocs\framework\base\CComponent.php:131
Stack trace:
#0 C:\xampp\htdocs\framework\db\ar\CActiveRecord.php(144): CComponent->__get('contenttype_id')
#1 C:\xampp\htdocs\apostila\protected\models\Document.php(162): CActiveRecord->__get('contenttype_id')
#2 C:\xampp\htdocs\apostila\protected\controllers\FolderController.php(18): Document->searchInFolder(Object(Folder))
#3 C:\xampp\htdocs\framework\web\actions\CInlineAction.php(50): FolderController->actionView()
#4 C:\xampp\htdocs\framework\web\CController.php(309): CInlineAction->runWithParams(Array)
#5 C:\xampp\htdocs\framework\web\CController.php(287): CController->runAction(Object(CInlineAction))
#6 C:\xampp\htdocs\framework\web\CController.php(266): CController->runActionWithFilters(Object(CInlineAction), Array)
#7 C:\xampp\htdocs\framework\web\CWebApplication.php(276): CController->run('view')
#8 C:\xampp\htdocs\framework\web\CWebApplication.php(135): CWebApplication->runController('folder/view')
#9 C:\xampp\htdocs\framework\base\CApplication.php(162): CWebApplication->processRequest()
#10 C:\xampp\htdocs\apostila\index.php(24): CApplication->run()
#11 {main}
REQUEST_URI=/apostila/index.php/folder/1
---
2013/03/04 14:56:47 [error] [exception.CException] exception 'CException' with message 'Property "Document.createUserId" is not defined.' in C:\xampp\htdocs\framework\base\CComponent.php:131
Stack trace:
#0 C:\xampp\htdocs\framework\db\ar\CActiveRecord.php(144): CComponent->__get('createUserId')
#1 C:\xampp\htdocs\apostila\protected\models\Document.php(190): CActiveRecord->__get('createUserId')
#2 C:\xampp\htdocs\apostila\protected\controllers\FolderController.php(18): Document->searchInFolder(Object(Folder))
#3 C:\xampp\htdocs\framework\web\actions\CInlineAction.php(50): FolderController->actionView()
#4 C:\xampp\htdocs\framework\web\CController.php(309): CInlineAction->runWithParams(Array)
#5 C:\xampp\htdocs\framework\web\CController.php(287): CController->runAction(Object(CInlineAction))
#6 C:\xampp\htdocs\framework\web\CController.php(266): CController->runActionWithFilters(Object(CInlineAction), Array)
#7 C:\xampp\htdocs\framework\web\CWebApplication.php(276): CController->run('view')
#8 C:\xampp\htdocs\framework\web\CWebApplication.php(135): CWebApplication->runController('folder/view')
#9 C:\xampp\htdocs\framework\base\CApplication.php(162): CWebApplication->processRequest()
#10 C:\xampp\htdocs\apostila\index.php(24): CApplication->run()
#11 {main}
REQUEST_URI=/apostila/index.php/folder/1
---
2013/03/04 14:57:17 [error] [exception.CDbException] exception 'CDbException' with message 'Relation "folders_ontents" is not defined in active record class "Document".' in C:\xampp\htdocs\framework\db\ar\CActiveFinder.php:215
Stack trace:
#0 C:\xampp\htdocs\framework\db\ar\CActiveFinder.php(312): CActiveFinder->buildJoinTree(Object(CJoinElement), 'folders_ontents', Array)
#1 C:\xampp\htdocs\framework\db\ar\CActiveFinder.php(49): CActiveFinder->buildJoinTree(Object(CJoinElement), Array)
#2 C:\xampp\htdocs\framework\db\ar\CActiveRecord.php(1539): CActiveFinder->__construct(Object(Document), Array)
#3 C:\xampp\htdocs\framework\web\CActiveDataProvider.php(179): CActiveRecord->count(Object(CDbCriteria))
#4 C:\xampp\htdocs\framework\web\CDataProvider.php(193): CActiveDataProvider->calculateTotalItemCount()
#5 C:\xampp\htdocs\framework\web\CActiveDataProvider.php(129): CDataProvider->getTotalItemCount()
#6 C:\xampp\htdocs\framework\web\CDataProvider.php(137): CActiveDataProvider->fetchData()
#7 C:\xampp\htdocs\apostila\protected\controllers\FolderController.php(24): CDataProvider->getData()
#8 C:\xampp\htdocs\framework\web\actions\CInlineAction.php(50): FolderController->actionView()
#9 C:\xampp\htdocs\framework\web\CController.php(309): CInlineAction->runWithParams(Array)
#10 C:\xampp\htdocs\framework\web\CController.php(287): CController->runAction(Object(CInlineAction))
#11 C:\xampp\htdocs\framework\web\CController.php(266): CController->runActionWithFilters(Object(CInlineAction), Array)
#12 C:\xampp\htdocs\framework\web\CWebApplication.php(276): CController->run('view')
#13 C:\xampp\htdocs\framework\web\CWebApplication.php(135): CWebApplication->runController('folder/view')
#14 C:\xampp\htdocs\framework\base\CApplication.php(162): CWebApplication->processRequest()
#15 C:\xampp\htdocs\apostila\index.php(24): CApplication->run()
#16 {main}
REQUEST_URI=/apostila/index.php/folder/1
---
2013/03/04 14:59:17 [error] [exception.CDbException] exception 'CDbException' with message 'Relation "folders_ontents" is not defined in active record class "Document".' in C:\xampp\htdocs\framework\db\ar\CActiveFinder.php:215
Stack trace:
#0 C:\xampp\htdocs\framework\db\ar\CActiveFinder.php(312): CActiveFinder->buildJoinTree(Object(CJoinElement), 'folders_ontents', Array)
#1 C:\xampp\htdocs\framework\db\ar\CActiveFinder.php(49): CActiveFinder->buildJoinTree(Object(CJoinElement), Array)
#2 C:\xampp\htdocs\framework\db\ar\CActiveRecord.php(1539): CActiveFinder->__construct(Object(Document), Array)
#3 C:\xampp\htdocs\framework\web\CActiveDataProvider.php(179): CActiveRecord->count(Object(CDbCriteria))
#4 C:\xampp\htdocs\framework\web\CDataProvider.php(193): CActiveDataProvider->calculateTotalItemCount()
#5 C:\xampp\htdocs\framework\web\CActiveDataProvider.php(129): CDataProvider->getTotalItemCount()
#6 C:\xampp\htdocs\framework\web\CDataProvider.php(137): CActiveDataProvider->fetchData()
#7 C:\xampp\htdocs\apostila\protected\controllers\FolderController.php(24): CDataProvider->getData()
#8 C:\xampp\htdocs\framework\web\actions\CInlineAction.php(50): FolderController->actionView()
#9 C:\xampp\htdocs\framework\web\CController.php(309): CInlineAction->runWithParams(Array)
#10 C:\xampp\htdocs\framework\web\CController.php(287): CController->runAction(Object(CInlineAction))
#11 C:\xampp\htdocs\framework\web\CController.php(266): CController->runActionWithFilters(Object(CInlineAction), Array)
#12 C:\xampp\htdocs\framework\web\CWebApplication.php(276): CController->run('view')
#13 C:\xampp\htdocs\framework\web\CWebApplication.php(135): CWebApplication->runController('folder/view')
#14 C:\xampp\htdocs\framework\base\CApplication.php(162): CWebApplication->processRequest()
#15 C:\xampp\htdocs\apostila\index.php(24): CApplication->run()
#16 {main}
REQUEST_URI=/apostila/index.php/folder/1
---
2013/03/04 15:01:47 [error] [exception.CDbException] exception 'CDbException' with message 'Relation "folders_ontents" is not defined in active record class "Document".' in C:\xampp\htdocs\framework\db\ar\CActiveFinder.php:215
Stack trace:
#0 C:\xampp\htdocs\framework\db\ar\CActiveFinder.php(312): CActiveFinder->buildJoinTree(Object(CJoinElement), 'folders_ontents', Array)
#1 C:\xampp\htdocs\framework\db\ar\CActiveFinder.php(49): CActiveFinder->buildJoinTree(Object(CJoinElement), Array)
#2 C:\xampp\htdocs\framework\db\ar\CActiveRecord.php(1539): CActiveFinder->__construct(Object(Document), Array)
#3 C:\xampp\htdocs\framework\web\CActiveDataProvider.php(179): CActiveRecord->count(Object(CDbCriteria))
#4 C:\xampp\htdocs\framework\web\CDataProvider.php(193): CActiveDataProvider->calculateTotalItemCount()
#5 C:\xampp\htdocs\framework\web\CActiveDataProvider.php(129): CDataProvider->getTotalItemCount()
#6 C:\xampp\htdocs\framework\web\CDataProvider.php(137): CActiveDataProvider->fetchData()
#7 C:\xampp\htdocs\apostila\protected\controllers\FolderController.php(24): CDataProvider->getData()
#8 C:\xampp\htdocs\framework\web\actions\CInlineAction.php(50): FolderController->actionView()
#9 C:\xampp\htdocs\framework\web\CController.php(309): CInlineAction->runWithParams(Array)
#10 C:\xampp\htdocs\framework\web\CController.php(287): CController->runAction(Object(CInlineAction))
#11 C:\xampp\htdocs\framework\web\CController.php(266): CController->runActionWithFilters(Object(CInlineAction), Array)
#12 C:\xampp\htdocs\framework\web\CWebApplication.php(276): CController->run('view')
#13 C:\xampp\htdocs\framework\web\CWebApplication.php(135): CWebApplication->runController('folder/view')
#14 C:\xampp\htdocs\framework\base\CApplication.php(162): CWebApplication->processRequest()
#15 C:\xampp\htdocs\apostila\index.php(24): CApplication->run()
#16 {main}
REQUEST_URI=/apostila/index.php/folder/1
---
2013/03/04 15:03:32 [error] [exception.CDbException] exception 'CDbException' with message 'Relation "folders_contents" is not defined in active record class "Document".' in C:\xampp\htdocs\framework\db\ar\CActiveFinder.php:215
Stack trace:
#0 C:\xampp\htdocs\framework\db\ar\CActiveFinder.php(312): CActiveFinder->buildJoinTree(Object(CJoinElement), 'folders_content...', Array)
#1 C:\xampp\htdocs\framework\db\ar\CActiveFinder.php(49): CActiveFinder->buildJoinTree(Object(CJoinElement), Array)
#2 C:\xampp\htdocs\framework\db\ar\CActiveRecord.php(1539): CActiveFinder->__construct(Object(Document), Array)
#3 C:\xampp\htdocs\framework\web\CActiveDataProvider.php(179): CActiveRecord->count(Object(CDbCriteria))
#4 C:\xampp\htdocs\framework\web\CDataProvider.php(193): CActiveDataProvider->calculateTotalItemCount()
#5 C:\xampp\htdocs\framework\web\CActiveDataProvider.php(129): CDataProvider->getTotalItemCount()
#6 C:\xampp\htdocs\framework\web\CDataProvider.php(137): CActiveDataProvider->fetchData()
#7 C:\xampp\htdocs\apostila\protected\controllers\FolderController.php(24): CDataProvider->getData()
#8 C:\xampp\htdocs\framework\web\actions\CInlineAction.php(50): FolderController->actionView()
#9 C:\xampp\htdocs\framework\web\CController.php(309): CInlineAction->runWithParams(Array)
#10 C:\xampp\htdocs\framework\web\CController.php(287): CController->runAction(Object(CInlineAction))
#11 C:\xampp\htdocs\framework\web\CController.php(266): CController->runActionWithFilters(Object(CInlineAction), Array)
#12 C:\xampp\htdocs\framework\web\CWebApplication.php(276): CController->run('view')
#13 C:\xampp\htdocs\framework\web\CWebApplication.php(135): CWebApplication->runController('folder/view')
#14 C:\xampp\htdocs\framework\base\CApplication.php(162): CWebApplication->processRequest()
#15 C:\xampp\htdocs\apostila\index.php(24): CApplication->run()
#16 {main}
REQUEST_URI=/apostila/index.php/folder/1
---
2013/03/04 15:05:20 [error] [exception.CDbException] exception 'CDbException' with message 'Relation "folders_contents" is not defined in active record class "Document".' in C:\xampp\htdocs\framework\db\ar\CActiveFinder.php:215
Stack trace:
#0 C:\xampp\htdocs\framework\db\ar\CActiveFinder.php(312): CActiveFinder->buildJoinTree(Object(CJoinElement), 'folders_content...', Array)
#1 C:\xampp\htdocs\framework\db\ar\CActiveFinder.php(49): CActiveFinder->buildJoinTree(Object(CJoinElement), Array)
#2 C:\xampp\htdocs\framework\db\ar\CActiveRecord.php(1539): CActiveFinder->__construct(Object(Document), Array)
#3 C:\xampp\htdocs\framework\web\CActiveDataProvider.php(179): CActiveRecord->count(Object(CDbCriteria))
#4 C:\xampp\htdocs\framework\web\CDataProvider.php(193): CActiveDataProvider->calculateTotalItemCount()
#5 C:\xampp\htdocs\framework\web\CActiveDataProvider.php(129): CDataProvider->getTotalItemCount()
#6 C:\xampp\htdocs\framework\web\CDataProvider.php(137): CActiveDataProvider->fetchData()
#7 C:\xampp\htdocs\apostila\protected\controllers\FolderController.php(24): CDataProvider->getData()
#8 C:\xampp\htdocs\framework\web\actions\CInlineAction.php(50): FolderController->actionView()
#9 C:\xampp\htdocs\framework\web\CController.php(309): CInlineAction->runWithParams(Array)
#10 C:\xampp\htdocs\framework\web\CController.php(287): CController->runAction(Object(CInlineAction))
#11 C:\xampp\htdocs\framework\web\CController.php(266): CController->runActionWithFilters(Object(CInlineAction), Array)
#12 C:\xampp\htdocs\framework\web\CWebApplication.php(276): CController->run('view')
#13 C:\xampp\htdocs\framework\web\CWebApplication.php(135): CWebApplication->runController('folder/view')
#14 C:\xampp\htdocs\framework\base\CApplication.php(162): CWebApplication->processRequest()
#15 C:\xampp\htdocs\apostila\index.php(24): CApplication->run()
#16 {main}
REQUEST_URI=/apostila/index.php/folder/1
---
2013/03/04 15:05:40 [error] [exception.CDbException] exception 'CDbException' with message 'Relation "foldersContents" is not defined in active record class "Document".' in C:\xampp\htdocs\framework\db\ar\CActiveFinder.php:215
Stack trace:
#0 C:\xampp\htdocs\framework\db\ar\CActiveFinder.php(312): CActiveFinder->buildJoinTree(Object(CJoinElement), 'foldersContents', Array)
#1 C:\xampp\htdocs\framework\db\ar\CActiveFinder.php(49): CActiveFinder->buildJoinTree(Object(CJoinElement), Array)
#2 C:\xampp\htdocs\framework\db\ar\CActiveRecord.php(1539): CActiveFinder->__construct(Object(Document), Array)
#3 C:\xampp\htdocs\framework\web\CActiveDataProvider.php(179): CActiveRecord->count(Object(CDbCriteria))
#4 C:\xampp\htdocs\framework\web\CDataProvider.php(193): CActiveDataProvider->calculateTotalItemCount()
#5 C:\xampp\htdocs\framework\web\CActiveDataProvider.php(129): CDataProvider->getTotalItemCount()
#6 C:\xampp\htdocs\framework\web\CDataProvider.php(137): CActiveDataProvider->fetchData()
#7 C:\xampp\htdocs\apostila\protected\controllers\FolderController.php(24): CDataProvider->getData()
#8 C:\xampp\htdocs\framework\web\actions\CInlineAction.php(50): FolderController->actionView()
#9 C:\xampp\htdocs\framework\web\CController.php(309): CInlineAction->runWithParams(Array)
#10 C:\xampp\htdocs\framework\web\CController.php(287): CController->runAction(Object(CInlineAction))
#11 C:\xampp\htdocs\framework\web\CController.php(266): CController->runActionWithFilters(Object(CInlineAction), Array)
#12 C:\xampp\htdocs\framework\web\CWebApplication.php(276): CController->run('view')
#13 C:\xampp\htdocs\framework\web\CWebApplication.php(135): CWebApplication->runController('folder/view')
#14 C:\xampp\htdocs\framework\base\CApplication.php(162): CWebApplication->processRequest()
#15 C:\xampp\htdocs\apostila\index.php(24): CApplication->run()
#16 {main}
REQUEST_URI=/apostila/index.php/folder/1
---
2013/03/04 15:06:26 [error] [exception.CException] exception 'CException' with message 'Property "Folder.content_type_id" is not defined.' in C:\xampp\htdocs\framework\base\CComponent.php:131
Stack trace:
#0 C:\xampp\htdocs\framework\db\ar\CActiveRecord.php(144): CComponent->__get('contenttype_id')
#1 C:\xampp\htdocs\apostila\protected\views\folder\_folder_icon.php(4): CActiveRecord->__get('contenttype_id')
#2 C:\xampp\htdocs\framework\web\CBaseController.php(127): require('C:\xampp\htdocs...')
#3 C:\xampp\htdocs\framework\web\CBaseController.php(96): CBaseController->renderInternal('C:\xampp\htdocs...', Array, true)
#4 C:\xampp\htdocs\framework\web\CController.php(870): CBaseController->renderFile('C:\xampp\htdocs...', Array, true)
#5 C:\xampp\htdocs\apostila\protected\views\folder\_header.php(10): CController->renderPartial('_folder_icon', Array)
#6 C:\xampp\htdocs\framework\web\CBaseController.php(127): require('C:\xampp\htdocs...')
#7 C:\xampp\htdocs\framework\web\CBaseController.php(96): CBaseController->renderInternal('C:\xampp\htdocs...', Array, true)
#8 C:\xampp\htdocs\framework\web\CController.php(870): CBaseController->renderFile('C:\xampp\htdocs...', Array, true)
#9 C:\xampp\htdocs\apostila\protected\views\folder\view.php(7): CController->renderPartial('_header', Array)
#10 C:\xampp\htdocs\framework\web\CBaseController.php(127): require('C:\xampp\htdocs...')
#11 C:\xampp\htdocs\framework\web\CBaseController.php(96): CBaseController->renderInternal('C:\xampp\htdocs...', Array, true)
#12 C:\xampp\htdocs\framework\web\CController.php(870): CBaseController->renderFile('C:\xampp\htdocs...', Array, true)
#13 C:\xampp\htdocs\framework\web\CController.php(783): CController->renderPartial('view', Array, true)
#14 C:\xampp\htdocs\apostila\protected\controllers\FolderController.php(26): CController->render('view', Array)
#15 C:\xampp\htdocs\framework\web\actions\CInlineAction.php(50): FolderController->actionView()
#16 C:\xampp\htdocs\framework\web\CController.php(309): CInlineAction->runWithParams(Array)
#17 C:\xampp\htdocs\framework\web\CController.php(287): CController->runAction(Object(CInlineAction))
#18 C:\xampp\htdocs\framework\web\CController.php(266): CController->runActionWithFilters(Object(CInlineAction), Array)
#19 C:\xampp\htdocs\framework\web\CWebApplication.php(276): CController->run('view')
#20 C:\xampp\htdocs\framework\web\CWebApplication.php(135): CWebApplication->runController('folder/view')
#21 C:\xampp\htdocs\framework\base\CApplication.php(162): CWebApplication->processRequest()
#22 C:\xampp\htdocs\apostila\index.php(24): CApplication->run()
#23 {main}
REQUEST_URI=/apostila/index.php/folder/1
---
2013/03/04 15:07:13 [error] [exception.CException] exception 'CException' with message 'Property "Folder.contenttype_id" is not defined.' in C:\xampp\htdocs\framework\base\CComponent.php:131
Stack trace:
#0 C:\xampp\htdocs\framework\db\ar\CActiveRecord.php(144): CComponent->__get('contenttype_id')
#1 C:\xampp\htdocs\apostila\protected\views\folder\_folder_icon.php(4): CActiveRecord->__get('contenttype_id')
#2 C:\xampp\htdocs\framework\web\CBaseController.php(127): require('C:\xampp\htdocs...')
#3 C:\xampp\htdocs\framework\web\CBaseController.php(96): CBaseController->renderInternal('C:\xampp\htdocs...', Array, true)
#4 C:\xampp\htdocs\framework\web\CController.php(870): CBaseController->renderFile('C:\xampp\htdocs...', Array, true)
#5 C:\xampp\htdocs\apostila\protected\views\folder\_header.php(10): CController->renderPartial('_folder_icon', Array)
#6 C:\xampp\htdocs\framework\web\CBaseController.php(127): require('C:\xampp\htdocs...')
#7 C:\xampp\htdocs\framework\web\CBaseController.php(96): CBaseController->renderInternal('C:\xampp\htdocs...', Array, true)
#8 C:\xampp\htdocs\framework\web\CController.php(870): CBaseController->renderFile('C:\xampp\htdocs...', Array, true)
#9 C:\xampp\htdocs\apostila\protected\views\folder\view.php(7): CController->renderPartial('_header', Array)
#10 C:\xampp\htdocs\framework\web\CBaseController.php(127): require('C:\xampp\htdocs...')
#11 C:\xampp\htdocs\framework\web\CBaseController.php(96): CBaseController->renderInternal('C:\xampp\htdocs...', Array, true)
#12 C:\xampp\htdocs\framework\web\CController.php(870): CBaseController->renderFile('C:\xampp\htdocs...', Array, true)
#13 C:\xampp\htdocs\framework\web\CController.php(783): CController->renderPartial('view', Array, true)
#14 C:\xampp\htdocs\apostila\protected\controllers\FolderController.php(26): CController->render('view', Array)
#15 C:\xampp\htdocs\framework\web\actions\CInlineAction.php(50): FolderController->actionView()
#16 C:\xampp\htdocs\framework\web\CController.php(309): CInlineAction->runWithParams(Array)
#17 C:\xampp\htdocs\framework\web\CController.php(287): CController->runAction(Object(CInlineAction))
#18 C:\xampp\htdocs\framework\web\CController.php(266): CController->runActionWithFilters(Object(CInlineAction), Array)
#19 C:\xampp\htdocs\framework\web\CWebApplication.php(276): CController->run('view')
#20 C:\xampp\htdocs\framework\web\CWebApplication.php(135): CWebApplication->runController('folder/view')
#21 C:\xampp\htdocs\framework\base\CApplication.php(162): CWebApplication->processRequest()
#22 C:\xampp\htdocs\apostila\index.php(24): CApplication->run()
#23 {main}
REQUEST_URI=/apostila/index.php/folder/1
---
2013/03/04 15:07:47 [error] [exception.CException] exception 'CException' with message 'Property "Folder.contenttype_id" is not defined.' in C:\xampp\htdocs\framework\base\CComponent.php:131
Stack trace:
#0 C:\xampp\htdocs\framework\db\ar\CActiveRecord.php(144): CComponent->__get('contenttype_id')
#1 C:\xampp\htdocs\apostila\protected\views\folder\_folder_icon.php(4): CActiveRecord->__get('contenttype_id')
#2 C:\xampp\htdocs\framework\web\CBaseController.php(127): require('C:\xampp\htdocs...')
#3 C:\xampp\htdocs\framework\web\CBaseController.php(96): CBaseController->renderInternal('C:\xampp\htdocs...', Array, true)
#4 C:\xampp\htdocs\framework\web\CController.php(870): CBaseController->renderFile('C:\xampp\htdocs...', Array, true)
#5 C:\xampp\htdocs\apostila\protected\views\folder\_header.php(10): CController->renderPartial('_folder_icon', Array)
#6 C:\xampp\htdocs\framework\web\CBaseController.php(127): require('C:\xampp\htdocs...')
#7 C:\xampp\htdocs\framework\web\CBaseController.php(96): CBaseController->renderInternal('C:\xampp\htdocs...', Array, true)
#8 C:\xampp\htdocs\framework\web\CController.php(870): CBaseController->renderFile('C:\xampp\htdocs...', Array, true)
#9 C:\xampp\htdocs\apostila\protected\views\folder\view.php(7): CController->renderPartial('_header', Array)
#10 C:\xampp\htdocs\framework\web\CBaseController.php(127): require('C:\xampp\htdocs...')
#11 C:\xampp\htdocs\framework\web\CBaseController.php(96): CBaseController->renderInternal('C:\xampp\htdocs...', Array, true)
#12 C:\xampp\htdocs\framework\web\CController.php(870): CBaseController->renderFile('C:\xampp\htdocs...', Array, true)
#13 C:\xampp\htdocs\framework\web\CController.php(783): CController->renderPartial('view', Array, true)
#14 C:\xampp\htdocs\apostila\protected\controllers\FolderController.php(26): CController->render('view', Array)
#15 C:\xampp\htdocs\framework\web\actions\CInlineAction.php(50): FolderController->actionView()
#16 C:\xampp\htdocs\framework\web\CController.php(309): CInlineAction->runWithParams(Array)
#17 C:\xampp\htdocs\framework\web\CController.php(287): CController->runAction(Object(CInlineAction))
#18 C:\xampp\htdocs\framework\web\CController.php(266): CController->runActionWithFilters(Object(CInlineAction), Array)
#19 C:\xampp\htdocs\framework\web\CWebApplication.php(276): CController->run('view')
#20 C:\xampp\htdocs\framework\web\CWebApplication.php(135): CWebApplication->runController('folder/view')
#21 C:\xampp\htdocs\framework\base\CApplication.php(162): CWebApplication->processRequest()
#22 C:\xampp\htdocs\apostila\index.php(24): CApplication->run()
#23 {main}
REQUEST_URI=/apostila/index.php/folder/1
---
2013/03/04 15:08:32 [error] [exception.CException] exception 'CException' with message 'Property "Folder.contenttype_id" is not defined.' in C:\xampp\htdocs\framework\base\CComponent.php:131
Stack trace:
#0 C:\xampp\htdocs\framework\db\ar\CActiveRecord.php(144): CComponent->__get('contenttype_id')
#1 C:\xampp\htdocs\apostila\protected\views\folder\_folder_icon.php(4): CActiveRecord->__get('contenttype_id')
#2 C:\xampp\htdocs\framework\web\CBaseController.php(127): require('C:\xampp\htdocs...')
#3 C:\xampp\htdocs\framework\web\CBaseController.php(96): CBaseController->renderInternal('C:\xampp\htdocs...', Array, true)
#4 C:\xampp\htdocs\framework\web\CController.php(870): CBaseController->renderFile('C:\xampp\htdocs...', Array, true)
#5 C:\xampp\htdocs\apostila\protected\views\folder\_header.php(10): CController->renderPartial('_folder_icon', Array)
#6 C:\xampp\htdocs\framework\web\CBaseController.php(127): require('C:\xampp\htdocs...')
#7 C:\xampp\htdocs\framework\web\CBaseController.php(96): CBaseController->renderInternal('C:\xampp\htdocs...', Array, true)
#8 C:\xampp\htdocs\framework\web\CController.php(870): CBaseController->renderFile('C:\xampp\htdocs...', Array, true)
#9 C:\xampp\htdocs\apostila\protected\views\folder\view.php(7): CController->renderPartial('_header', Array)
#10 C:\xampp\htdocs\framework\web\CBaseController.php(127): require('C:\xampp\htdocs...')
#11 C:\xampp\htdocs\framework\web\CBaseController.php(96): CBaseController->renderInternal('C:\xampp\htdocs...', Array, true)
#12 C:\xampp\htdocs\framework\web\CController.php(870): CBaseController->renderFile('C:\xampp\htdocs...', Array, true)
#13 C:\xampp\htdocs\framework\web\CController.php(783): CController->renderPartial('view', Array, true)
#14 C:\xampp\htdocs\apostila\protected\controllers\FolderController.php(26): CController->render('view', Array)
#15 C:\xampp\htdocs\framework\web\actions\CInlineAction.php(50): FolderController->actionView()
#16 C:\xampp\htdocs\framework\web\CController.php(309): CInlineAction->runWithParams(Array)
#17 C:\xampp\htdocs\framework\web\CController.php(287): CController->runAction(Object(CInlineAction))
#18 C:\xampp\htdocs\framework\web\CController.php(266): CController->runActionWithFilters(Object(CInlineAction), Array)
#19 C:\xampp\htdocs\framework\web\CWebApplication.php(276): CController->run('view')
#20 C:\xampp\htdocs\framework\web\CWebApplication.php(135): CWebApplication->runController('folder/view')
#21 C:\xampp\htdocs\framework\base\CApplication.php(162): CWebApplication->processRequest()
#22 C:\xampp\htdocs\apostila\index.php(24): CApplication->run()
#23 {main}
REQUEST_URI=/apostila/index.php/folder/1
---
2013/03/04 15:09:22 [error] [php] Argument 1 passed to Document::searchInFolder() must be an instance of Folder, null given, called in C:\xampp\htdocs\apostila\protected\controllers\FolderController.php on line 18 and defined (C:\xampp\htdocs\apostila\protected\models\Document.php:155)
Stack trace:
#0 C:\xampp\htdocs\framework\web\CController.php(309): CInlineAction->runWithParams()
#1 C:\xampp\htdocs\framework\web\CController.php(287): FolderController->runAction()
#2 C:\xampp\htdocs\framework\web\CController.php(266): FolderController->runActionWithFilters()
#3 C:\xampp\htdocs\framework\web\CWebApplication.php(276): FolderController->run()
#4 C:\xampp\htdocs\framework\web\CWebApplication.php(135): CWebApplication->runController()
#5 C:\xampp\htdocs\framework\base\CApplication.php(162): CWebApplication->processRequest()
#6 C:\xampp\htdocs\apostila\index.php(24): CWebApplication->run()
REQUEST_URI=/apostila/index.php/folder/4
in C:\xampp\htdocs\apostila\protected\models\Document.php (155)
in C:\xampp\htdocs\apostila\protected\controllers\FolderController.php (18)
in C:\xampp\htdocs\apostila\index.php (24)
